2024-06-19 5:10:10 PM		INFO		MainThread		Logger initialized.
2024-06-19 5:10:12 PM		INFO		MainThread		Acquiring database model and preparing data migration
2024-06-19 5:10:30 PM		INFO		MainThread		Initializing deployment (Start)
2024-06-19 5:11:19 PM		INFO		MainThread		Initializing deployment (Complete)
2024-06-19 5:11:19 PM		INFO		MainThread		Analyzing deployment plan (Start)
2024-06-19 5:11:19 PM		INFO		MainThread		Analyzing deployment plan (Complete)
2024-06-19 5:11:19 PM		INFO		MainThread		Updating database (Start)
2024-06-19 5:11:25 PM		INFO		MainThread		Starting column encryption.
2024-06-19 5:11:32 PM		INFO		[dbo].[Customers]		Starting data migration for cryptographic operations in table '[dbo].[Customers]'.
2024-06-19 5:11:36 PM		INFO		MainThread		Found estimated size of table [dbo].[Customers]: 9555 KB 
2024-06-19 5:11:36 PM		INFO		MainThread		Processing data migration. 0.000% done.
2024-06-19 5:11:36 PM		INFO		MainThread		Table '[dbo].[Customers]' has a part count of 2.
2024-06-19 5:11:38 PM		INFO		[dbo].[Customers]		Processing Table '[dbo].[Customers]'. 98.901% done.
2024-06-19 5:11:38 PM		INFO		MainThread		Processing data migration. 98.901% done.
2024-06-19 5:11:40 PM		INFO		[dbo].[Customers]		Processing Table '[dbo].[Customers]'. 100.000% done.
2024-06-19 5:11:40 PM		INFO		MainThread		Finalizing data migration.
2024-06-19 5:11:40 PM		INFO		MainThread		Processing data migration. 100.000% done.
2024-06-19 5:11:41 PM		INFO		MainThread		Dropping SqlForeignKeyConstraint [dbo].[FK_Orders_Customers]...
2024-06-19 5:11:41 PM		INFO		MainThread		Dropping SqlForeignKeyConstraint [dbo].[FK_CustomerCustomerDemo_Customers]...
2024-06-19 5:11:41 PM		INFO		MainThread		Completing data migration for '[dbo].[Customers]'.
2024-06-19 5:11:44 PM		INFO		MainThread		Creating SqlIndex [dbo].[Customers].[City]...
2024-06-19 5:11:44 PM		INFO		MainThread		Creating SqlIndex [dbo].[Customers].[CompanyName]...
2024-06-19 5:11:44 PM		INFO		MainThread		Creating SqlIndex [dbo].[Customers].[PostalCode]...
2024-06-19 5:11:44 PM		INFO		MainThread		Creating SqlIndex [dbo].[Customers].[Region]...
2024-06-19 5:11:44 PM		INFO		MainThread		Creating SqlForeignKeyConstraint [dbo].[FK_Orders_Customers]...
2024-06-19 5:11:44 PM		INFO		MainThread		Creating SqlForeignKeyConstraint [dbo].[FK_CustomerCustomerDemo_Customers]...
2024-06-19 5:11:45 PM		INFO		MainThread		The transacted portion of the database update succeeded.
2024-06-19 5:11:45 PM		INFO		MainThread		Refreshing SqlView [dbo].[Alphabetical list of products]...
2024-06-19 5:11:45 PM		INFO		MainThread		Refreshing SqlView [dbo].[Alphabetical list of products]...
2024-06-19 5:11:45 PM		INFO		MainThread		Refreshing SqlView [dbo].[Current Product List]...
2024-06-19 5:11:45 PM		INFO		MainThread		Refreshing SqlView [dbo].[Current Product List]...
2024-06-19 5:11:45 PM		INFO		MainThread		Refreshing SqlView [dbo].[Customer and Suppliers by City]...
2024-06-19 5:11:45 PM		INFO		MainThread		Refreshing SqlView [dbo].[Customer and Suppliers by City]...
2024-06-19 5:11:45 PM		WARN		MainThread		sp_refresh_parameter_encryption failed to refresh module '[dbo].[Customer and Suppliers by City]'. Error: Cannot resolve the collation conflict between "SQL_Latin1_General_CP1_CI_AS" and "Latin1_General_BIN2" in the UNION operation.
2024-06-19 5:11:45 PM		INFO		MainThread		Refreshing SqlView [dbo].[Invoices]...
2024-06-19 5:11:45 PM		INFO		MainThread		Refreshing SqlView [dbo].[Invoices]...
2024-06-19 5:11:45 PM		WARN		MainThread		sp_refresh_parameter_encryption failed to refresh module '[dbo].[Invoices]'. Error: The data types nvarchar(10) encrypted with (encryption_type = 'RANDOMIZED', encryption_algorithm_name = 'AEAD_AES_256_CBC_HMAC_SHA_256', column_encryption_key_name = 'CEK1Enclaves', column_encryption_key_database_name = 'free-db-dtu') and varchar are incompatible in the add operator.
2024-06-19 5:11:45 PM		INFO		MainThread		Refreshing SqlView [dbo].[Order Details Extended]...
2024-06-19 5:11:45 PM		INFO		MainThread		Refreshing SqlView [dbo].[Order Details Extended]...
2024-06-19 5:11:45 PM		INFO		MainThread		Refreshing SqlView [dbo].[Order Subtotals]...
2024-06-19 5:11:45 PM		INFO		MainThread		Refreshing SqlView [dbo].[Order Subtotals]...
2024-06-19 5:11:45 PM		INFO		MainThread		Refreshing SqlView [dbo].[Orders Qry]...
2024-06-19 5:11:46 PM		INFO		MainThread		Refreshing SqlView [dbo].[Orders Qry]...
2024-06-19 5:11:46 PM		INFO		MainThread		Refreshing SqlView [dbo].[Product Sales for 1997]...
2024-06-19 5:11:46 PM		INFO		MainThread		Refreshing SqlView [dbo].[Product Sales for 1997]...
2024-06-19 5:11:46 PM		INFO		MainThread		Refreshing SqlView [dbo].[Products Above Average Price]...
2024-06-19 5:11:46 PM		INFO		MainThread		Refreshing SqlView [dbo].[Products Above Average Price]...
2024-06-19 5:11:46 PM		INFO		MainThread		Refreshing SqlView [dbo].[Products by Category]...
2024-06-19 5:11:46 PM		INFO		MainThread		Refreshing SqlView [dbo].[Products by Category]...
2024-06-19 5:11:46 PM		INFO		MainThread		Refreshing SqlView [dbo].[Quarterly Orders]...
2024-06-19 5:11:46 PM		INFO		MainThread		Refreshing SqlView [dbo].[Quarterly Orders]...
2024-06-19 5:11:46 PM		INFO		MainThread		Refreshing SqlView [dbo].[Sales by Category]...
2024-06-19 5:11:46 PM		INFO		MainThread		Refreshing SqlView [dbo].[Sales by Category]...
2024-06-19 5:11:46 PM		INFO		MainThread		Refreshing SqlView [dbo].[Sales Totals by Amount]...
2024-06-19 5:11:46 PM		INFO		MainThread		Refreshing SqlView [dbo].[Sales Totals by Amount]...
2024-06-19 5:11:46 PM		INFO		MainThread		Refreshing SqlView [dbo].[Summary of Sales by Quarter]...
2024-06-19 5:11:46 PM		INFO		MainThread		Refreshing SqlView [dbo].[Summary of Sales by Quarter]...
2024-06-19 5:11:46 PM		INFO		MainThread		Refreshing SqlView [dbo].[Summary of Sales by Year]...
2024-06-19 5:11:46 PM		INFO		MainThread		Refreshing SqlView [dbo].[Summary of Sales by Year]...
2024-06-19 5:11:46 PM		INFO		MainThread		Refreshing SqlView [dbo].[Category Sales for 1997]...
2024-06-19 5:11:46 PM		INFO		MainThread		Refreshing SqlView [dbo].[Category Sales for 1997]...
2024-06-19 5:11:47 PM		INFO		MainThread		Refreshing SqlProcedure [dbo].[CustOrderHist]...
2024-06-19 5:11:47 PM		INFO		MainThread		Refreshing SqlProcedure [dbo].[CustOrderHist]...
2024-06-19 5:11:47 PM		INFO		MainThread		Refreshing SqlProcedure [dbo].[CustOrdersDetail]...
2024-06-19 5:11:47 PM		INFO		MainThread		Refreshing SqlProcedure [dbo].[CustOrdersDetail]...
2024-06-19 5:11:47 PM		INFO		MainThread		Refreshing SqlProcedure [dbo].[CustOrdersOrders]...
2024-06-19 5:11:47 PM		INFO		MainThread		Refreshing SqlProcedure [dbo].[CustOrdersOrders]...
2024-06-19 5:11:47 PM		INFO		MainThread		Refreshing SqlProcedure [dbo].[Employee Sales by Country]...
2024-06-19 5:11:47 PM		INFO		MainThread		Refreshing SqlProcedure [dbo].[Employee Sales by Country]...
2024-06-19 5:11:47 PM		INFO		MainThread		Refreshing SqlProcedure [dbo].[Sales by Year]...
2024-06-19 5:11:47 PM		INFO		MainThread		Refreshing SqlProcedure [dbo].[Sales by Year]...
2024-06-19 5:11:47 PM		INFO		MainThread		Refreshing SqlProcedure [dbo].[SalesByCategory]...
2024-06-19 5:11:47 PM		INFO		MainThread		Refreshing SqlProcedure [dbo].[SalesByCategory]...
2024-06-19 5:11:47 PM		INFO		MainThread		Refreshing SqlProcedure [dbo].[Ten Most Expensive Products]...
2024-06-19 5:11:47 PM		INFO		MainThread		Refreshing SqlProcedure [dbo].[Ten Most Expensive Products]...
2024-06-19 5:11:47 PM		INFO		MainThread		Checking existing data against newly created constraints
2024-06-19 5:11:48 PM		INFO		MainThread		Update complete.
2024-06-19 5:11:54 PM		INFO		MainThread		Updating database (Complete)
2024-06-19 5:11:54 PM		INFO		MainThread		Deploying the specified encryption settings completed in 0d:0h:1m:44s.
